<?xml version="1.0" encoding="UTF-8"?>
<!-- Generated by org.testng.reporters.JUnitReportReporter -->
<testsuite hostname="88A-ShahabKhan" failures="0" tests="1" name="com.MuxamCareAutoMation.testCases.TC_LoginTest_001" time="17.465" errors="0" timestamp="2023-02-15T18:39:18 PKT" skipped="0">
  <testcase classname="com.MuxamCareAutoMation.testCases.TC_LoginTest_001" name="loginTest" time="17.465"/>
  <system-out/>
</testsuite> <!-- com.MuxamCareAutoMation.testCases.TC_LoginTest_001 -->
