<?xml version="1.0" encoding="UTF-8"?>
<!-- Generated by org.testng.reporters.JUnitReportReporter -->
<testsuite hostname="88A-ShahabKhan" failures="0" tests="1" name="com.MuxamCareAutoMation.testCases.TC_CreatePatientTest_003" time="25.306" errors="0" timestamp="2023-02-15T18:39:18 PKT" skipped="0">
  <testcase classname="com.MuxamCareAutoMation.testCases.TC_CreatePatientTest_003" name="AddNewPatient" time="25.306"/>
  <system-out/>
</testsuite> <!-- com.MuxamCareAutoMation.testCases.TC_CreatePatientTest_003 -->
